<?xml version="1.0" encoding="UTF-8"?>
<!-- Generated by org.testng.reporters.JUnitReportReporter -->
<testsuite hostname="DESKTOP-KJ2AQ4I" failures="0" tests="9" name="Tatacliq.Tatacliq_Madhavi" time="167.303" errors="0" timestamp="28 Nov 2022 08:37:59 GMT">
  <testcase classname="Tatacliq.Tatacliq_Madhavi" name="Testcase2" time="58.005"/>
  <testcase classname="Tatacliq.Tatacliq_Madhavi" name="Testcase8" time="23.049"/>
  <testcase classname="Tatacliq.Tatacliq_Madhavi" name="Testcase1" time="0.070"/>
  <testcase classname="Tatacliq.Tatacliq_Madhavi" name="Testcase5" time="7.232"/>
  <testcase classname="Tatacliq.Tatacliq_Madhavi" name="Testcase7" time="15.539"/>
  <testcase classname="Tatacliq.Tatacliq_Madhavi" name="testcase10" time="17.701"/>
  <testcase classname="Tatacliq.Tatacliq_Madhavi" name="Testcase9" time="15.384"/>
  <testcase classname="Tatacliq.Tatacliq_Madhavi" name="Testcase6" time="21.054"/>
  <testcase classname="Tatacliq.Tatacliq_Madhavi" name="Testcase4" time="9.269"/>
</testsuite> <!-- Tatacliq.Tatacliq_Madhavi -->
