<?xml version="1.0" encoding="UTF-8"?>
<!-- Generated by org.testng.reporters.JUnitXMLReporter -->
<testsuite hostname="DESKTOP-KJ2AQ4I" failures="0" tests="9" name="Default test" time="179.838" errors="0" timestamp="28 Nov 2022 08:20:30 GMT">
  <testcase classname="Tatacliq.Tatacliq_Madhavi" name="Testcase1" time="0.028"/>
  <testcase classname="Tatacliq.Tatacliq_Madhavi" name="Testcase2" time="57.971"/>
  <testcase classname="Tatacliq.Tatacliq_Madhavi" name="Testcase4" time="9.27"/>
  <testcase classname="Tatacliq.Tatacliq_Madhavi" name="Testcase5" time="7.247"/>
  <testcase classname="Tatacliq.Tatacliq_Madhavi" name="Testcase6" time="20.875"/>
  <testcase classname="Tatacliq.Tatacliq_Madhavi" name="Testcase7" time="15.501"/>
  <testcase classname="Tatacliq.Tatacliq_Madhavi" name="Testcase8" time="22.953"/>
  <testcase classname="Tatacliq.Tatacliq_Madhavi" name="Testcase9" time="15.411"/>
  <testcase classname="Tatacliq.Tatacliq_Madhavi" name="testcase10" time="17.599"/>
</testsuite> <!-- Default test -->
