<?xml version="1.0" encoding="UTF-8"?>
<!-- Generated by org.testng.reporters.JUnitXMLReporter -->
<testsuite hostname="DESKTOP-KJ2AQ4I" failures="0" tests="9" name="Surefire test" time="180.67" errors="0" timestamp="28 Nov 2022 08:56:01 GMT">
  <testcase classname="Tatacliq.Tatacliq_Madhavi" name="Testcase1" time="0.051"/>
  <testcase classname="Tatacliq.Tatacliq_Madhavi" name="Testcase2" time="58.16"/>
  <testcase classname="Tatacliq.Tatacliq_Madhavi" name="Testcase4" time="9.289"/>
  <testcase classname="Tatacliq.Tatacliq_Madhavi" name="Testcase5" time="7.242"/>
  <testcase classname="Tatacliq.Tatacliq_Madhavi" name="Testcase6" time="20.978"/>
  <testcase classname="Tatacliq.Tatacliq_Madhavi" name="Testcase7" time="15.537"/>
  <testcase classname="Tatacliq.Tatacliq_Madhavi" name="Testcase8" time="22.922"/>
  <testcase classname="Tatacliq.Tatacliq_Madhavi" name="Testcase9" time="15.418"/>
  <testcase classname="Tatacliq.Tatacliq_Madhavi" name="testcase10" time="17.488"/>
</testsuite> <!-- Surefire test -->
